03.06:19.00.20TRACE	ru.sfedu.shop.Main:86 - 7) 1488212280755;1488203020156;1488203020083;12122016;доставлено;1488203020083;5.0
03.06:19.00.20TRACE	ru.sfedu.shop.Main:86 - 8) 1488203019842;1488007624453;1488007623874;12122016;доставлено;1488007623874;5.0
03.06:19.00.20TRACE	ru.sfedu.shop.Main:86 - 9) 1488203019843;1488007624453;1488007623874;12122016;доставлено;1488007623874;5.0
03.06:19.00.20TRACE	ru.sfedu.shop.Main:86 - 10) 1488203019845;1488007624453;1488007623874;12122016;доставлено;1488007623874;5.0
03.06:19.00.20TRACE	ru.sfedu.shop.Main:86 - 11) 1488203019847;1488007624453;1488007623874;12122016;доставлено;1488007623874;5.0
03.06:19.00.20TRACE	ru.sfedu.shop.Main:86 - 12) 1488203019849;1488007624453;1488007623874;12122016;доставлено;1488007623874;5.0
03.06:19.00.20TRACE	ru.sfedu.shop.Main:86 - 13) 1488008345297;1488007624453;1488007623868;12122016;доставлено;1488007623868;5.0
03.06:19.00.20TRACE	ru.sfedu.shop.Main:86 - 14) 1488008345299;1488007624453;1488007623868;12122016;доставлено;1488007623868;5.0
03.06:19.00.20TRACE	ru.sfedu.shop.Main:86 - 15) 1488008345300;1488007624453;1488007623868;12122016;доставлено;1488007623868;5.0
03.06:19.00.20TRACE	ru.sfedu.shop.Main:86 - 16) 1488008345302;1488007624453;1488007623868;12122016;доставлено;1488007623868;5.0
03.06:19.00.20TRACE	ru.sfedu.shop.Main:86 - 17) 1488008345304;1488007624453;1488007623868;12122016;доставлено;1488007623868;5.0
03.06:19.00.20TRACE	ru.sfedu.shop.Main:86 - 18) 1488008345305;1488007624453;1488007623868;12122016;доставлено;1488007623868;5.0
03.06:19.00.20TRACE	ru.sfedu.shop.Main:86 - 19) 1488008345307;1488007624453;1488007623868;12122016;доставлено;1488007623868;5.0
03.06:19.00.20TRACE	ru.sfedu.shop.Main:86 - 20) 1488008345309;1488007624453;1488007623868;12122016;доставлено;1488007623868;5.0
03.06:19.00.20ERROR	ru.sfedu.shop.Main:128 - Element 'dateReceived' does not have a match in class ru.sfedu.shop.dto.Payment at line 7
03.06:19.00.21 INFO	ru.sfedu.shop.dao.XmlApiDeleteTest:53 - id - 1488212281015; name - watch; price - 13000.0; amount - 100
03.06:19.00.23DEBUG	ru.sfedu.shop.dao.XmlApiDeleteTest:55 - GOODerrederd
03.06:19.00.23TRACE	ru.sfedu.shop.Main:47 - 1) id - 1488212281017; name - watch; price - 14000.0; amount - 3
03.06:19.00.23TRACE	ru.sfedu.shop.Main:47 - 2) id - 1488212281019; name - watch; price - 15000.0; amount - 8
03.06:19.00.23TRACE	ru.sfedu.shop.Main:47 - 3) id - 1488212281020; name - watch; price - 16000.0; amount - 15
03.06:19.00.23TRACE	ru.sfedu.shop.Main:47 - 4) id - 1488212281022; name - watch; price - 17000.0; amount - 24
03.06:19.00.23TRACE	ru.sfedu.shop.Main:47 - 5) id - 1488212281023; name - watch; price - 18000.0; amount - 35
03.06:19.00.23TRACE	ru.sfedu.shop.Main:47 - 6) id - 1488212281025; name - watch; price - 19000.0; amount - 48
03.06:19.00.23TRACE	ru.sfedu.shop.Main:47 - 7) id - 1488212281027; name - watch; price - 20000.0; amount - 63
03.06:19.00.23TRACE	ru.sfedu.shop.Main:47 - 8) id - 1488203020471; name - watch; price - 16000.0; amount - 15
03.06:19.00.23TRACE	ru.sfedu.shop.Main:47 - 9) id - 1488203020473; name - watch; price - 17000.0; amount - 24
03.06:19.00.23TRACE	ru.sfedu.shop.Main:47 - 10) id - 1488203020475; name - watch; price - 18000.0; amount - 35
03.06:19.00.23TRACE	ru.sfedu.shop.Main:47 - 11) id - 1488203020477; name - watch; price - 19000.0; amount - 48
03.06:19.00.23TRACE	ru.sfedu.shop.Main:47 - 12) id - 1488203020480; name - watch; price - 20000.0; amount - 63
03.06:19.00.23TRACE	ru.sfedu.shop.Main:47 - 13) id - 1488007624554; name - watch; price - 13000.0; amount - 0
03.06:19.00.23TRACE	ru.sfedu.shop.Main:47 - 14) id - 1488007624555; name - watch; price - 14000.0; amount - 3
03.06:19.00.23TRACE	ru.sfedu.shop.Main:47 - 15) id - 1488007624557; name - watch; price - 15000.0; amount - 8
03.06:19.00.23TRACE	ru.sfedu.shop.Main:47 - 16) id - 1488007624558; name - watch; price - 16000.0; amount - 15
03.06:19.00.23TRACE	ru.sfedu.shop.Main:47 - 17) id - 1488007624560; name - watch; price - 17000.0; amount - 24
03.06:19.00.23TRACE	ru.sfedu.shop.Main:47 - 18) id - 1488007624561; name - watch; price - 18000.0; amount - 35
03.06:19.00.23TRACE	ru.sfedu.shop.Main:47 - 19) id - 1488007624563; name - watch; price - 19000.0; amount - 48
03.06:19.00.23TRACE	ru.sfedu.shop.Main:47 - 20) id - 1488007624564; name - watch; price - 20000.0; amount - 63
03.06:19.00.24TRACE	ru.sfedu.shop.Main:73 - 1) 1488212280897;Emma;Lenina 120;7654323456;emm@sfedu.ru
03.06:19.00.24TRACE	ru.sfedu.shop.Main:73 - 2) 1488212280899;Emma;Lenina 120;7654323456;emm@sfedu.ru
03.06:19.00.24TRACE	ru.sfedu.shop.Main:73 - 3) 1488212280901;Emma;Lenina 120;7654323456;emm@sfedu.ru
03.06:19.00.24TRACE	ru.sfedu.shop.Main:73 - 4) 1488212280902;Emma;Lenina 120;7654323456;emm@sfedu.ru
03.06:19.00.24TRACE	ru.sfedu.shop.Main:73 - 5) 1488212280904;Emma;Lenina 120;7654323456;emm@sfedu.ru
03.06:19.00.24TRACE	ru.sfedu.shop.Main:73 - 6) 1488212280906;Emma;Lenina 120;7654323456;emm@sfedu.ru
03.06:19.00.24TRACE	ru.sfedu.shop.Main:73 - 7) 1488212280908;Emma;Lenina 120;7654323456;emm@sfedu.ru
03.06:19.00.24TRACE	ru.sfedu.shop.Main:73 - 8) 1488203020156;Emma;Lenina 120;7654323456;emm@sfedu.ru
03.06:19.00.24TRACE	ru.sfedu.shop.Main:73 - 9) 1488203020158;Emma;Lenina 120;7654323456;emm@sfedu.ru
03.06:19.00.24TRACE	ru.sfedu.shop.Main:73 - 10) 1488203020159;Emma;Lenina 120;7654323456;emm@sfedu.ru
03.06:19.00.24TRACE	ru.sfedu.shop.Main:73 - 11) 1488007624453;Emma;Lenina 120;7654323456;emm@sfedu.ru
03.06:19.00.24TRACE	ru.sfedu.shop.Main:73 - 12) 1488007624456;Emma;Lenina 120;7654323456;emm@sfedu.ru
03.06:19.00.24TRACE	ru.sfedu.shop.Main:73 - 13) 1488007624458;Emma;Lenina 120;7654323456;emm@sfedu.ru
03.06:19.00.24TRACE	ru.sfedu.shop.Main:73 - 14) 1488007624459;Emma;Lenina 120;7654323456;emm@sfedu.ru
03.06:19.00.24TRACE	ru.sfedu.shop.Main:73 - 15) 1488007624461;Emma;Lenina 120;7654323456;emm@sfedu.ru
03.06:19.00.24TRACE	ru.sfedu.shop.Main:73 - 16) 1488007624462;Emma;Lenina 120;7654323456;emm@sfedu.ru
03.06:19.00.24TRACE	ru.sfedu.shop.Main:73 - 17) 1488007624464;Emma;Lenina 120;7654323456;emm@sfedu.ru
03.06:19.00.24TRACE	ru.sfedu.shop.Main:73 - 18) 1488007624466;Emma;Lenina 120;7654323456;emm@sfedu.ru
03.06:19.00.25TRACE	ru.sfedu.shop.Main:47 - 1) id - 1488212281017; name - watch; price - 14000.0; amount - 3
03.06:19.00.25TRACE	ru.sfedu.shop.Main:47 - 2) id - 1488212281019; name - watch; price - 15000.0; amount - 8
03.06:19.00.25TRACE	ru.sfedu.shop.Main:47 - 3) id - 1488212281020; name - watch; price - 16000.0; amount - 15
03.06:19.00.25TRACE	ru.sfedu.shop.Main:47 - 4) id - 1488212281022; name - watch; price - 17000.0; amount - 24
03.06:19.00.25TRACE	ru.sfedu.shop.Main:47 - 5) id - 1488212281023; name - watch; price - 18000.0; amount - 35
03.06:19.00.25TRACE	ru.sfedu.shop.Main:47 - 6) id - 1488212281025; name - watch; price - 19000.0; amount - 48
03.06:19.00.25TRACE	ru.sfedu.shop.Main:47 - 7) id - 1488212281027; name - watch; price - 20000.0; amount - 63
03.06:19.00.25TRACE	ru.sfedu.shop.Main:47 - 8) id - 1488203020471; name - watch; price - 16000.0; amount - 15
03.06:19.00.25TRACE	ru.sfedu.shop.Main:47 - 9) id - 1488203020473; name - watch; price - 17000.0; amount - 24
03.06:19.00.25TRACE	ru.sfedu.shop.Main:47 - 10) id - 1488203020475; name - watch; price - 18000.0; amount - 35
03.06:19.00.25TRACE	ru.sfedu.shop.Main:47 - 11) id - 1488203020477; name - watch; price - 19000.0; amount - 48
03.06:19.00.25TRACE	ru.sfedu.shop.Main:47 - 12) id - 1488203020480; name - watch; price - 20000.0; amount - 63
03.06:19.00.25TRACE	ru.sfedu.shop.Main:47 - 13) id - 1488007624554; name - watch; price - 13000.0; amount - 0
03.06:19.00.25TRACE	ru.sfedu.shop.Main:47 - 14) id - 1488007624555; name - watch; price - 14000.0; amount - 3
03.06:19.00.25TRACE	ru.sfedu.shop.Main:47 - 15) id - 1488007624557; name - watch; price - 15000.0; amount - 8
03.06:19.00.25TRACE	ru.sfedu.shop.Main:47 - 16) id - 1488007624558; name - watch; price - 16000.0; amount - 15
03.06:19.00.25TRACE	ru.sfedu.shop.Main:47 - 17) id - 1488007624560; name - watch; price - 17000.0; amount - 24
03.06:19.00.25TRACE	ru.sfedu.shop.Main:47 - 18) id - 1488007624561; name - watch; price - 18000.0; amount - 35
03.06:19.00.25TRACE	ru.sfedu.shop.Main:47 - 19) id - 1488007624563; name - watch; price - 19000.0; amount - 48
03.06:19.00.25TRACE	ru.sfedu.shop.Main:47 - 20) id - 1488007624564; name - watch; price - 20000.0; amount - 63
03.06:19.00.25ERROR	ru.sfedu.shop.Main:128 - Element 'dateReceived' does not have a match in class ru.sfedu.shop.dto.Payment at line 7
03.06:19.00.25ERROR	ru.sfedu.shop.Main:120 - Error: org.simpleframework.xml.core.ElementException: Element 'dateReceived' does not have a match in class ru.sfedu.shop.dto.Payment at line 7
03.06:19.00.25ERROR	ru.sfedu.shop.Main:128 - Element 'dateReceived' does not have a match in class ru.sfedu.shop.dto.Payment at line 7
03.06:19.00.25ERROR	ru.sfedu.shop.Main:40 - Error: org.simpleframework.xml.core.ElementException: Element 'dateReceived' does not have a match in class ru.sfedu.shop.dto.Payment at line 7
03.06:19.00.27TRACE	ru.sfedu.shop.Main:47 - 1) id - 1488819626498; name - watch; price - 13000.0; amount - 0
03.06:19.00.27TRACE	ru.sfedu.shop.Main:47 - 2) id - 1488819626500; name - watch; price - 14000.0; amount - 3
03.06:19.00.27TRACE	ru.sfedu.shop.Main:47 - 3) id - 1488819626502; name - watch; price - 15000.0; amount - 8
03.06:19.00.27TRACE	ru.sfedu.shop.Main:47 - 4) id - 1488819626503; name - watch; price - 16000.0; amount - 15
03.06:19.00.27TRACE	ru.sfedu.shop.Main:47 - 5) id - 1488819626505; name - watch; price - 17000.0; amount - 24
03.06:19.00.27TRACE	ru.sfedu.shop.Main:47 - 6) id - 1488819626507; name - watch; price - 18000.0; amount - 35
03.06:19.00.27TRACE	ru.sfedu.shop.Main:47 - 7) id - 1488819626508; name - watch; price - 19000.0; amount - 48
03.06:19.00.27TRACE	ru.sfedu.shop.Main:47 - 8) id - 1488819626510; name - watch; price - 20000.0; amount - 63
03.06:19.00.27TRACE	ru.sfedu.shop.Main:47 - 9) id - 1488212281017; name - watch; price - 14000.0; amount - 3
03.06:19.00.27TRACE	ru.sfedu.shop.Main:47 - 10) id - 1488212281019; name - watch; price - 15000.0; amount - 8
03.06:19.00.27TRACE	ru.sfedu.shop.Main:47 - 11) id - 1488212281020; name - watch; price - 16000.0; amount - 15
03.06:19.00.27TRACE	ru.sfedu.shop.Main:47 - 12) id - 1488212281022; name - watch; price - 17000.0; amount - 24
03.06:19.00.27TRACE	ru.sfedu.shop.Main:47 - 13) id - 1488212281023; name - watch; price - 18000.0; amount - 35
03.06:19.00.28TRACE	ru.sfedu.shop.Main:47 - 14) id - 1488212281025; name - watch; price - 19000.0; amount - 48
03.06:19.00.28TRACE	ru.sfedu.shop.Main:47 - 15) id - 1488212281027; name - watch; price - 20000.0; amount - 63
03.06:19.00.28TRACE	ru.sfedu.shop.Main:47 - 16) id - 1488203020471; name - watch; price - 16000.0; amount - 15
03.06:19.00.28TRACE	ru.sfedu.shop.Main:47 - 17) id - 1488203020473; name - watch; price - 17000.0; amount - 24
03.06:19.00.28TRACE	ru.sfedu.shop.Main:47 - 18) id - 1488203020475; name - watch; price - 18000.0; amount - 35
03.06:19.00.28TRACE	ru.sfedu.shop.Main:47 - 19) id - 1488203020477; name - watch; price - 19000.0; amount - 48
03.06:19.00.28TRACE	ru.sfedu.shop.Main:47 - 20) id - 1488203020480; name - watch; price - 20000.0; amount - 63
03.06:19.00.28TRACE	ru.sfedu.shop.Main:47 - 21) id - 1488007624554; name - watch; price - 13000.0; amount - 0
03.06:19.00.28TRACE	ru.sfedu.shop.Main:47 - 22) id - 1488007624555; name - watch; price - 14000.0; amount - 3
03.06:19.00.28TRACE	ru.sfedu.shop.Main:47 - 23) id - 1488007624557; name - watch; price - 15000.0; amount - 8
03.06:19.00.28TRACE	ru.sfedu.shop.Main:47 - 24) id - 1488007624558; name - watch; price - 16000.0; amount - 15
03.06:19.00.28TRACE	ru.sfedu.shop.Main:47 - 25) id - 1488007624560; name - watch; price - 17000.0; amount - 24
03.06:19.00.28TRACE	ru.sfedu.shop.Main:47 - 26) id - 1488007624561; name - watch; price - 18000.0; amount - 35
03.06:19.00.28TRACE	ru.sfedu.shop.Main:47 - 27) id - 1488007624563; name - watch; price - 19000.0; amount - 48
03.06:19.00.28TRACE	ru.sfedu.shop.Main:47 - 28) id - 1488007624564; name - watch; price - 20000.0; amount - 63
03.06:19.00.28ERROR	ru.sfedu.shop.Main:128 - Element 'dateReceived' does not have a match in class ru.sfedu.shop.dto.Payment at line 7
03.06:19.00.28TRACE	ru.sfedu.shop.Main:86 - 1) 1488212280744;1488203020156;1488203020083;12122016;доставлено;1488203020083;5.0
03.06:19.00.28TRACE	ru.sfedu.shop.Main:86 - 2) 1488212280746;1488203020156;1488203020083;12122016;доставлено;1488203020083;5.0
03.06:19.00.28TRACE	ru.sfedu.shop.Main:86 - 3) 1488212280748;1488203020156;1488203020083;12122016;доставлено;1488203020083;5.0
03.06:19.00.28TRACE	ru.sfedu.shop.Main:86 - 4) 1488212280750;1488203020156;1488203020083;12122016;доставлено;1488203020083;5.0
03.06:19.00.28TRACE	ru.sfedu.shop.Main:86 - 5) 1488212280752;1488203020156;1488203020083;12122016;доставлено;1488203020083;5.0
03.06:19.00.28TRACE	ru.sfedu.shop.Main:86 - 6) 1488212280754;1488203020156;1488203020083;12122016;доставлено;1488203020083;5.0
03.06:19.00.28TRACE	ru.sfedu.shop.Main:86 - 7) 1488212280755;1488203020156;1488203020083;12122016;доставлено;1488203020083;5.0
03.06:19.00.28TRACE	ru.sfedu.shop.Main:86 - 8) 1488203019842;1488007624453;1488007623874;12122016;доставлено;1488007623874;5.0
03.06:19.00.28TRACE	ru.sfedu.shop.Main:86 - 9) 1488203019843;1488007624453;1488007623874;12122016;доставлено;1488007623874;5.0
03.06:19.00.28TRACE	ru.sfedu.shop.Main:86 - 10) 1488203019845;1488007624453;1488007623874;12122016;доставлено;1488007623874;5.0
03.06:19.00.28TRACE	ru.sfedu.shop.Main:86 - 11) 1488203019847;1488007624453;1488007623874;12122016;доставлено;1488007623874;5.0
03.06:19.00.28TRACE	ru.sfedu.shop.Main:86 - 12) 1488203019849;1488007624453;1488007623874;12122016;доставлено;1488007623874;5.0
03.06:19.00.28TRACE	ru.sfedu.shop.Main:86 - 13) 1488008345297;1488007624453;1488007623868;12122016;доставлено;1488007623868;5.0
03.06:19.00.28TRACE	ru.sfedu.shop.Main:86 - 14) 1488008345299;1488007624453;1488007623868;12122016;доставлено;1488007623868;5.0
03.06:19.00.28TRACE	ru.sfedu.shop.Main:86 - 15) 1488008345300;1488007624453;1488007623868;12122016;доставлено;1488007623868;5.0
03.06:19.00.28TRACE	ru.sfedu.shop.Main:86 - 16) 1488008345302;1488007624453;1488007623868;12122016;доставлено;1488007623868;5.0
03.06:19.00.28TRACE	ru.sfedu.shop.Main:86 - 17) 1488008345304;1488007624453;1488007623868;12122016;доставлено;1488007623868;5.0
03.06:19.00.28TRACE	ru.sfedu.shop.Main:86 - 18) 1488008345305;1488007624453;1488007623868;12122016;доставлено;1488007623868;5.0
03.06:19.00.28TRACE	ru.sfedu.shop.Main:86 - 19) 1488008345307;1488007624453;1488007623868;12122016;доставлено;1488007623868;5.0
03.06:19.00.28TRACE	ru.sfedu.shop.Main:86 - 20) 1488008345309;1488007624453;1488007623868;12122016;доставлено;1488007623868;5.0
03.06:19.00.28TRACE	ru.sfedu.shop.Main:73 - 1) 1488819625901;Emma;Lenina 120;7654323456;emm@sfedu.ru
03.06:19.00.28TRACE	ru.sfedu.shop.Main:73 - 2) 1488819625924;Emma;Lenina 120;7654323456;emm@sfedu.ru
03.06:19.00.28TRACE	ru.sfedu.shop.Main:73 - 3) 1488819625928;Emma;Lenina 120;7654323456;emm@sfedu.ru
03.06:19.00.28TRACE	ru.sfedu.shop.Main:73 - 4) 1488819625934;Emma;Lenina 120;7654323456;emm@sfedu.ru
03.06:19.00.28TRACE	ru.sfedu.shop.Main:73 - 5) 1488819625944;Emma;Lenina 120;7654323456;emm@sfedu.ru
03.06:19.00.28TRACE	ru.sfedu.shop.Main:73 - 6) 1488819625959;Emma;Lenina 120;7654323456;emm@sfedu.ru
03.06:19.00.28TRACE	ru.sfedu.shop.Main:73 - 7) 1488819625962;Emma;Lenina 120;7654323456;emm@sfedu.ru
03.06:19.00.28TRACE	ru.sfedu.shop.Main:73 - 8) 1488819625968;Emma;Lenina 120;7654323456;emm@sfedu.ru
03.06:19.00.28TRACE	ru.sfedu.shop.Main:73 - 9) 1488212280897;Emma;Lenina 120;7654323456;emm@sfedu.ru
03.06:19.00.28TRACE	ru.sfedu.shop.Main:73 - 10) 1488212280899;Emma;Lenina 120;7654323456;emm@sfedu.ru
03.06:19.00.28TRACE	ru.sfedu.shop.Main:73 - 11) 1488212280901;Emma;Lenina 120;7654323456;emm@sfedu.ru
03.06:19.00.28TRACE	ru.sfedu.shop.Main:73 - 12) 1488212280902;Emma;Lenina 120;7654323456;emm@sfedu.ru
03.06:19.00.28TRACE	ru.sfedu.shop.Main:73 - 13) 1488212280904;Emma;Lenina 120;7654323456;emm@sfedu.ru
03.06:19.00.28TRACE	ru.sfedu.shop.Main:73 - 14) 1488212280906;Emma;Lenina 120;7654323456;emm@sfedu.ru
03.06:19.00.28TRACE	ru.sfedu.shop.Main:73 - 15) 1488212280908;Emma;Lenina 120;7654323456;emm@sfedu.ru
03.06:19.00.28TRACE	ru.sfedu.shop.Main:73 - 16) 1488203020156;Emma;Lenina 120;7654323456;emm@sfedu.ru
03.06:19.00.28TRACE	ru.sfedu.shop.Main:73 - 17) 1488203020158;Emma;Lenina 120;7654323456;emm@sfedu.ru
03.06:19.00.28TRACE	ru.sfedu.shop.Main:73 - 18) 1488203020159;Emma;Lenina 120;7654323456;emm@sfedu.ru
03.06:19.00.28TRACE	ru.sfedu.shop.Main:73 - 19) 1488007624453;Emma;Lenina 120;7654323456;emm@sfedu.ru
03.06:19.00.28TRACE	ru.sfedu.shop.Main:73 - 20) 1488007624456;Emma;Lenina 120;7654323456;emm@sfedu.ru
03.06:19.00.28TRACE	ru.sfedu.shop.Main:73 - 21) 1488007624458;Emma;Lenina 120;7654323456;emm@sfedu.ru
03.06:19.00.28TRACE	ru.sfedu.shop.Main:73 - 22) 1488007624459;Emma;Lenina 120;7654323456;emm@sfedu.ru
03.06:19.00.28TRACE	ru.sfedu.shop.Main:73 - 23) 1488007624461;Emma;Lenina 120;7654323456;emm@sfedu.ru
03.06:19.00.28TRACE	ru.sfedu.shop.Main:73 - 24) 1488007624462;Emma;Lenina 120;7654323456;emm@sfedu.ru
03.06:19.00.28TRACE	ru.sfedu.shop.Main:73 - 25) 1488007624464;Emma;Lenina 120;7654323456;emm@sfedu.ru
03.06:19.00.28TRACE	ru.sfedu.shop.Main:73 - 26) 1488007624466;Emma;Lenina 120;7654323456;emm@sfedu.ru
03.06:19.00.29TRACE	ru.sfedu.shop.Main:60 - 1) Delivery{id=1488819626363, method=курьер, price=100.0}
03.06:19.00.29TRACE	ru.sfedu.shop.Main:60 - 2) Delivery{id=1488819626365, method=курьер, price=105.0}
03.06:19.00.29TRACE	ru.sfedu.shop.Main:60 - 3) Delivery{id=1488819626366, method=курьер, price=110.0}
03.06:19.00.29TRACE	ru.sfedu.shop.Main:60 - 4) Delivery{id=1488819626367, method=курьер, price=115.0}
03.06:19.00.29TRACE	ru.sfedu.shop.Main:60 - 5) Delivery{id=1488819626368, method=курьер, price=120.0}
03.06:19.00.29TRACE	ru.sfedu.shop.Main:60 - 6) Delivery{id=1488819626370, method=курьер, price=125.0}
03.06:19.00.29TRACE	ru.sfedu.shop.Main:60 - 7) Delivery{id=1488819626371, method=курьер, price=130.0}
03.06:19.00.29TRACE	ru.sfedu.shop.Main:60 - 8) Delivery{id=1488819626373, method=курьер, price=135.0}
03.06:19.00.29TRACE	ru.sfedu.shop.Main:60 - 9) Delivery{id=1488212280959, method=курьер, price=105.0}
03.06:19.00.29TRACE	ru.sfedu.shop.Main:60 - 10) Delivery{id=1488212280961, method=курьер, price=110.0}
03.06:19.00.29TRACE	ru.sfedu.shop.Main:60 - 11) Delivery{id=1488212280963, method=курьер, price=115.0}
03.06:19.00.29TRACE	ru.sfedu.shop.Main:60 - 12) Delivery{id=1488212280965, method=курьер, price=120.0}
03.06:19.00.29TRACE	ru.sfedu.shop.Main:60 - 13) Delivery{id=1488212280967, method=курьер, price=125.0}
03.06:19.00.29TRACE	ru.sfedu.shop.Main:60 - 14) Delivery{id=1488212280968, method=курьер, price=130.0}
03.06:19.00.29TRACE	ru.sfedu.shop.Main:60 - 15) Delivery{id=1488212280970, method=курьер, price=135.0}
03.06:19.00.29TRACE	ru.sfedu.shop.Main:60 - 16) Delivery{id=1488203020278, method=курьер, price=115.0}
03.06:19.00.29TRACE	ru.sfedu.shop.Main:60 - 17) Delivery{id=1488203020279, method=курьер, price=120.0}
03.06:19.00.29TRACE	ru.sfedu.shop.Main:60 - 18) Delivery{id=1488203020280, method=курьер, price=125.0}
03.06:19.00.29TRACE	ru.sfedu.shop.Main:60 - 19) Delivery{id=1488203020282, method=курьер, price=130.0}
03.06:19.00.29TRACE	ru.sfedu.shop.Main:60 - 20) Delivery{id=1488203020285, method=курьер, price=135.0}
03.06:19.00.29TRACE	ru.sfedu.shop.Main:60 - 21) Delivery{id=1488007624516, method=курьер, price=100.0}
03.06:19.00.29TRACE	ru.sfedu.shop.Main:60 - 22) Delivery{id=1488007624518, method=курьер, price=105.0}
03.06:19.00.29TRACE	ru.sfedu.shop.Main:60 - 23) Delivery{id=1488007624519, method=курьер, price=110.0}
03.06:19.00.29TRACE	ru.sfedu.shop.Main:60 - 24) Delivery{id=1488007624521, method=курьер, price=115.0}
03.06:19.00.29TRACE	ru.sfedu.shop.Main:60 - 25) Delivery{id=1488007624522, method=курьер, price=120.0}
03.06:19.00.29TRACE	ru.sfedu.shop.Main:60 - 26) Delivery{id=1488007624523, method=курьер, price=125.0}
03.06:19.00.29TRACE	ru.sfedu.shop.Main:60 - 27) Delivery{id=1488007624525, method=курьер, price=130.0}
03.06:19.00.29TRACE	ru.sfedu.shop.Main:60 - 28) Delivery{id=1488007624527, method=курьер, price=135.0}
03.06:19.00.29ERROR	ru.sfedu.shop.Main:128 - Element 'dateReceived' does not have a match in class ru.sfedu.shop.dto.Payment at line 7
03.06:19.00.31TRACE	ru.sfedu.shop.Main:86 - 1) 1488212280744;1488819625901;1488203020083;12122016;доставлено;1488203020083;5.0
03.06:19.00.31TRACE	ru.sfedu.shop.Main:86 - 2) 1488212280746;1488203020156;1488203020083;12122016;доставлено;1488203020083;5.0
03.06:19.00.31TRACE	ru.sfedu.shop.Main:86 - 3) 1488212280748;1488203020156;1488203020083;12122016;доставлено;1488203020083;5.0
03.06:19.00.31TRACE	ru.sfedu.shop.Main:86 - 4) 1488212280750;1488203020156;1488203020083;12122016;доставлено;1488203020083;5.0
03.06:19.00.31TRACE	ru.sfedu.shop.Main:86 - 5) 1488212280752;1488203020156;1488203020083;12122016;доставлено;1488203020083;5.0
03.06:19.00.31TRACE	ru.sfedu.shop.Main:86 - 6) 1488212280754;1488203020156;1488203020083;12122016;доставлено;1488203020083;5.0
03.06:19.00.31TRACE	ru.sfedu.shop.Main:86 - 7) 1488212280755;1488203020156;1488203020083;12122016;доставлено;1488203020083;5.0
03.06:19.00.31TRACE	ru.sfedu.shop.Main:86 - 8) 1488203019842;1488007624453;1488007623874;12122016;доставлено;1488007623874;5.0
03.06:19.00.31TRACE	ru.sfedu.shop.Main:86 - 9) 1488203019843;1488007624453;1488007623874;12122016;доставлено;1488007623874;5.0
03.06:19.00.31TRACE	ru.sfedu.shop.Main:86 - 10) 1488203019845;1488007624453;1488007623874;12122016;доставлено;1488007623874;5.0
03.06:19.00.31TRACE	ru.sfedu.shop.Main:86 - 11) 1488203019847;1488007624453;1488007623874;12122016;доставлено;1488007623874;5.0
03.06:19.00.31TRACE	ru.sfedu.shop.Main:86 - 12) 1488203019849;1488007624453;1488007623874;12122016;доставлено;1488007623874;5.0
03.06:19.00.31TRACE	ru.sfedu.shop.Main:86 - 13) 1488008345297;1488007624453;1488007623868;12122016;доставлено;1488007623868;5.0
03.06:19.00.31TRACE	ru.sfedu.shop.Main:86 - 14) 1488008345299;1488007624453;1488007623868;12122016;доставлено;1488007623868;5.0
03.06:19.00.31TRACE	ru.sfedu.shop.Main:86 - 15) 1488008345300;1488007624453;1488007623868;12122016;доставлено;1488007623868;5.0
03.06:19.00.31TRACE	ru.sfedu.shop.Main:86 - 16) 1488008345302;1488007624453;1488007623868;12122016;доставлено;1488007623868;5.0
03.06:19.00.31TRACE	ru.sfedu.shop.Main:86 - 17) 1488008345304;1488007624453;1488007623868;12122016;доставлено;1488007623868;5.0
03.06:19.00.31TRACE	ru.sfedu.shop.Main:86 - 18) 1488008345305;1488007624453;1488007623868;12122016;доставлено;1488007623868;5.0
03.06:19.00.31TRACE	ru.sfedu.shop.Main:86 - 19) 1488008345307;1488007624453;1488007623868;12122016;доставлено;1488007623868;5.0
03.06:19.00.31TRACE	ru.sfedu.shop.Main:86 - 20) 1488008345309;1488007624453;1488007623868;12122016;доставлено;1488007623868;5.0
03.06:19.00.31ERROR	ru.sfedu.shop.Main:128 - Element 'dateReceived' does not have a match in class ru.sfedu.shop.dto.Payment at line 7
03.06:19.00.32TRACE	ru.sfedu.shop.Main:47 - 1) id - 1488819626498; name - watch; price - 13000.0; amount - 100
03.06:19.00.32TRACE	ru.sfedu.shop.Main:47 - 2) id - 1488819626500; name - watch; price - 14000.0; amount - 3
03.06:19.00.32TRACE	ru.sfedu.shop.Main:47 - 3) id - 1488819626502; name - watch; price - 15000.0; amount - 8
03.06:19.00.32TRACE	ru.sfedu.shop.Main:47 - 4) id - 1488819626503; name - watch; price - 16000.0; amount - 15
03.06:19.00.32TRACE	ru.sfedu.shop.Main:47 - 5) id - 1488819626505; name - watch; price - 17000.0; amount - 24
03.06:19.00.32TRACE	ru.sfedu.shop.Main:47 - 6) id - 1488819626507; name - watch; price - 18000.0; amount - 35
03.06:19.00.32TRACE	ru.sfedu.shop.Main:47 - 7) id - 1488819626508; name - watch; price - 19000.0; amount - 48
03.06:19.00.32TRACE	ru.sfedu.shop.Main:47 - 8) id - 1488819626510; name - watch; price - 20000.0; amount - 63
03.06:19.00.32TRACE	ru.sfedu.shop.Main:47 - 9) id - 1488212281017; name - watch; price - 14000.0; amount - 3
03.06:19.00.32TRACE	ru.sfedu.shop.Main:47 - 10) id - 1488212281019; name - watch; price - 15000.0; amount - 8
03.06:19.00.32TRACE	ru.sfedu.shop.Main:47 - 11) id - 1488212281020; name - watch; price - 16000.0; amount - 15
03.06:19.00.32TRACE	ru.sfedu.shop.Main:47 - 12) id - 1488212281022; name - watch; price - 17000.0; amount - 24
03.06:19.00.32TRACE	ru.sfedu.shop.Main:47 - 13) id - 1488212281023; name - watch; price - 18000.0; amount - 35
03.06:19.00.32TRACE	ru.sfedu.shop.Main:47 - 14) id - 1488212281025; name - watch; price - 19000.0; amount - 48
03.06:19.00.32TRACE	ru.sfedu.shop.Main:47 - 15) id - 1488212281027; name - watch; price - 20000.0; amount - 63
03.06:19.00.32TRACE	ru.sfedu.shop.Main:47 - 16) id - 1488203020471; name - watch; price - 16000.0; amount - 15
03.06:19.00.32TRACE	ru.sfedu.shop.Main:47 - 17) id - 1488203020473; name - watch; price - 17000.0; amount - 24
03.06:19.00.32TRACE	ru.sfedu.shop.Main:47 - 18) id - 1488203020475; name - watch; price - 18000.0; amount - 35
03.06:19.00.32TRACE	ru.sfedu.shop.Main:47 - 19) id - 1488203020477; name - watch; price - 19000.0; amount - 48
03.06:19.00.32TRACE	ru.sfedu.shop.Main:47 - 20) id - 1488203020480; name - watch; price - 20000.0; amount - 63
03.06:19.00.32TRACE	ru.sfedu.shop.Main:47 - 21) id - 1488007624554; name - watch; price - 13000.0; amount - 0
03.06:19.00.32TRACE	ru.sfedu.shop.Main:47 - 22) id - 1488007624555; name - watch; price - 14000.0; amount - 3
03.06:19.00.32TRACE	ru.sfedu.shop.Main:47 - 23) id - 1488007624557; name - watch; price - 15000.0; amount - 8
03.06:19.00.32TRACE	ru.sfedu.shop.Main:47 - 24) id - 1488007624558; name - watch; price - 16000.0; amount - 15
03.06:19.00.32TRACE	ru.sfedu.shop.Main:47 - 25) id - 1488007624560; name - watch; price - 17000.0; amount - 24
03.06:19.00.32TRACE	ru.sfedu.shop.Main:47 - 26) id - 1488007624561; name - watch; price - 18000.0; amount - 35
03.06:19.00.32TRACE	ru.sfedu.shop.Main:47 - 27) id - 1488007624563; name - watch; price - 19000.0; amount - 48
03.06:19.00.32TRACE	ru.sfedu.shop.Main:47 - 28) id - 1488007624564; name - watch; price - 20000.0; amount - 63
03.06:19.00.33TRACE	ru.sfedu.shop.Main:73 - 1) 1488819625901;Emma;Zorge 21 zh;7654323456;emm@sfedu.ru
03.06:19.00.33TRACE	ru.sfedu.shop.Main:73 - 2) 1488819625924;Emma;Lenina 120;7654323456;emm@sfedu.ru
03.06:19.00.33TRACE	ru.sfedu.shop.Main:73 - 3) 1488819625928;Emma;Lenina 120;7654323456;emm@sfedu.ru
03.06:19.00.33TRACE	ru.sfedu.shop.Main:73 - 4) 1488819625934;Emma;Lenina 120;7654323456;emm@sfedu.ru
03.06:19.00.33TRACE	ru.sfedu.shop.Main:73 - 5) 1488819625944;Emma;Lenina 120;7654323456;emm@sfedu.ru
03.06:19.00.33TRACE	ru.sfedu.shop.Main:73 - 6) 1488819625959;Emma;Lenina 120;7654323456;emm@sfedu.ru
03.06:19.00.33TRACE	ru.sfedu.shop.Main:73 - 7) 1488819625962;Emma;Lenina 120;7654323456;emm@sfedu.ru
03.06:19.00.33TRACE	ru.sfedu.shop.Main:73 - 8) 1488819625968;Emma;Lenina 120;7654323456;emm@sfedu.ru
03.06:19.00.33TRACE	ru.sfedu.shop.Main:73 - 9) 1488212280897;Emma;Lenina 120;7654323456;emm@sfedu.ru
03.06:19.00.33TRACE	ru.sfedu.shop.Main:73 - 10) 1488212280899;Emma;Lenina 120;7654323456;emm@sfedu.ru
03.06:19.00.33TRACE	ru.sfedu.shop.Main:73 - 11) 1488212280901;Emma;Lenina 120;7654323456;emm@sfedu.ru
03.06:19.00.33TRACE	ru.sfedu.shop.Main:73 - 12) 1488212280902;Emma;Lenina 120;7654323456;emm@sfedu.ru
03.06:19.00.33TRACE	ru.sfedu.shop.Main:73 - 13) 1488212280904;Emma;Lenina 120;7654323456;emm@sfedu.ru
03.06:19.00.33TRACE	ru.sfedu.shop.Main:73 - 14) 1488212280906;Emma;Lenina 120;7654323456;emm@sfedu.ru
03.06:19.00.33TRACE	ru.sfedu.shop.Main:73 - 15) 1488212280908;Emma;Lenina 120;7654323456;emm@sfedu.ru
03.06:19.00.33TRACE	ru.sfedu.shop.Main:73 - 16) 1488203020156;Emma;Lenina 120;7654323456;emm@sfedu.ru
03.06:19.00.33TRACE	ru.sfedu.shop.Main:73 - 17) 1488203020158;Emma;Lenina 120;7654323456;emm@sfedu.ru
03.06:19.00.33TRACE	ru.sfedu.shop.Main:73 - 18) 1488203020159;Emma;Lenina 120;7654323456;emm@sfedu.ru
03.06:19.00.33TRACE	ru.sfedu.shop.Main:73 - 19) 1488007624453;Emma;Lenina 120;7654323456;emm@sfedu.ru
03.06:19.00.33TRACE	ru.sfedu.shop.Main:73 - 20) 1488007624456;Emma;Lenina 120;7654323456;emm@sfedu.ru
03.06:19.00.33TRACE	ru.sfedu.shop.Main:73 - 21) 1488007624458;Emma;Lenina 120;7654323456;emm@sfedu.ru
03.06:19.00.33TRACE	ru.sfedu.shop.Main:73 - 22) 1488007624459;Emma;Lenina 120;7654323456;emm@sfedu.ru
03.06:19.00.33TRACE	ru.sfedu.shop.Main:73 - 23) 1488007624461;Emma;Lenina 120;7654323456;emm@sfedu.ru
03.06:19.00.33TRACE	ru.sfedu.shop.Main:73 - 24) 1488007624462;Emma;Lenina 120;7654323456;emm@sfedu.ru
03.06:19.00.33TRACE	ru.sfedu.shop.Main:73 - 25) 1488007624464;Emma;Lenina 120;7654323456;emm@sfedu.ru
03.06:19.00.33TRACE	ru.sfedu.shop.Main:73 - 26) 1488007624466;Emma;Lenina 120;7654323456;emm@sfedu.ru
03.06:19.00.33TRACE	ru.sfedu.shop.Main:60 - 1) Delivery{id=1488819626363, method=pochta Rossii, price=100.0}
03.06:19.00.33TRACE	ru.sfedu.shop.Main:60 - 2) Delivery{id=1488819626365, method=курьер, price=105.0}
03.06:19.00.33TRACE	ru.sfedu.shop.Main:60 - 3) Delivery{id=1488819626366, method=курьер, price=110.0}
03.06:19.00.33TRACE	ru.sfedu.shop.Main:60 - 4) Delivery{id=1488819626367, method=курьер, price=115.0}
03.06:19.00.33TRACE	ru.sfedu.shop.Main:60 - 5) Delivery{id=1488819626368, method=курьер, price=120.0}
03.06:19.00.33TRACE	ru.sfedu.shop.Main:60 - 6) Delivery{id=1488819626370, method=курьер, price=125.0}
03.06:19.00.33TRACE	ru.sfedu.shop.Main:60 - 7) Delivery{id=1488819626371, method=курьер, price=130.0}
03.06:19.00.33TRACE	ru.sfedu.shop.Main:60 - 8) Delivery{id=1488819626373, method=курьер, price=135.0}
03.06:19.00.33TRACE	ru.sfedu.shop.Main:60 - 9) Delivery{id=1488212280959, method=курьер, price=105.0}
03.06:19.00.33TRACE	ru.sfedu.shop.Main:60 - 10) Delivery{id=1488212280961, method=курьер, price=110.0}
03.06:19.00.33TRACE	ru.sfedu.shop.Main:60 - 11) Delivery{id=1488212280963, method=курьер, price=115.0}
03.06:19.00.33TRACE	ru.sfedu.shop.Main:60 - 12) Delivery{id=1488212280965, method=курьер, price=120.0}
03.06:19.00.33TRACE	ru.sfedu.shop.Main:60 - 13) Delivery{id=1488212280967, method=курьер, price=125.0}
03.06:19.00.33TRACE	ru.sfedu.shop.Main:60 - 14) Delivery{id=1488212280968, method=курьер, price=130.0}
03.06:19.00.33TRACE	ru.sfedu.shop.Main:60 - 15) Delivery{id=1488212280970, method=курьер, price=135.0}
03.06:19.00.33TRACE	ru.sfedu.shop.Main:60 - 16) Delivery{id=1488203020278, method=курьер, price=115.0}
03.06:19.00.33TRACE	ru.sfedu.shop.Main:60 - 17) Delivery{id=1488203020279, method=курьер, price=120.0}
03.06:19.00.33TRACE	ru.sfedu.shop.Main:60 - 18) Delivery{id=1488203020280, method=курьер, price=125.0}
03.06:19.00.33TRACE	ru.sfedu.shop.Main:60 - 19) Delivery{id=1488203020282, method=курьер, price=130.0}
03.06:19.00.33TRACE	ru.sfedu.shop.Main:60 - 20) Delivery{id=1488203020285, method=курьер, price=135.0}
03.06:19.00.33TRACE	ru.sfedu.shop.Main:60 - 21) Delivery{id=1488007624516, method=курьер, price=100.0}
03.06:19.00.33TRACE	ru.sfedu.shop.Main:60 - 22) Delivery{id=1488007624518, method=курьер, price=105.0}
03.06:19.00.33TRACE	ru.sfedu.shop.Main:60 - 23) Delivery{id=1488007624519, method=курьер, price=110.0}
03.06:19.00.33TRACE	ru.sfedu.shop.Main:60 - 24) Delivery{id=1488007624521, method=курьер, price=115.0}
03.06:19.00.33TRACE	ru.sfedu.shop.Main:60 - 25) Delivery{id=1488007624522, method=курьер, price=120.0}
03.06:19.00.33TRACE	ru.sfedu.shop.Main:60 - 26) Delivery{id=1488007624523, method=курьер, price=125.0}
03.06:19.00.33TRACE	ru.sfedu.shop.Main:60 - 27) Delivery{id=1488007624525, method=курьер, price=130.0}
03.06:19.00.33TRACE	ru.sfedu.shop.Main:60 - 28) Delivery{id=1488007624527, method=курьер, price=135.0}
